[2m2020-06-04 00:01:36.597[0;39m [32mDEBUG[0;39m [35m27440[0;39m [2m---[0;39m [2m[nio-9999-exec-2][0;39m [36mc.ssafy.vue.controller.BoardController  [0;39m [2m:[0;39m retrieveBoard - 호출
[2m2020-06-04 00:02:10.341[0;39m [32mDEBUG[0;39m [35m27440[0;39m [2m---[0;39m [2m[io-9999-exec-10][0;39m [36mc.ssafy.vue.controller.BoardController  [0;39m [2m:[0;39m retrieveBoard - 호출
[2m2020-06-04 00:02:48.238[0;39m [32mDEBUG[0;39m [35m27440[0;39m [2m---[0;39m [2m[nio-9999-exec-1][0;39m [36mc.ssafy.vue.controller.BoardController  [0;39m [2m:[0;39m retrieveBoard - 호출
[2m2020-06-04 00:03:24.376[0;39m [32mDEBUG[0;39m [35m27440[0;39m [2m---[0;39m [2m[nio-9999-exec-4][0;39m [36mc.ssafy.vue.controller.BoardController  [0;39m [2m:[0;39m retrieveBoard - 호출
[2m2020-06-04 00:03:31.695[0;39m [32mDEBUG[0;39m [35m27440[0;39m [2m---[0;39m [2m[nio-9999-exec-5][0;39m [36mc.ssafy.vue.controller.BoardController  [0;39m [2m:[0;39m retrieveBoard - 호출
[2m2020-06-04 00:04:09.683[0;39m [32mDEBUG[0;39m [35m27440[0;39m [2m---[0;39m [2m[nio-9999-exec-3][0;39m [36mc.ssafy.vue.controller.BoardController  [0;39m [2m:[0;39m retrieveBoard - 호출
[2m2020-06-04 00:04:47.924[0;39m [32mDEBUG[0;39m [35m27440[0;39m [2m---[0;39m [2m[nio-9999-exec-6][0;39m [36mc.ssafy.vue.controller.BoardController  [0;39m [2m:[0;39m retrieveBoard - 호출
[2m2020-06-04 00:05:13.590[0;39m [32mDEBUG[0;39m [35m27440[0;39m [2m---[0;39m [2m[nio-9999-exec-7][0;39m [36mc.ssafy.vue.controller.BoardController  [0;39m [2m:[0;39m retrieveBoard - 호출
[2m2020-06-04 00:06:12.634[0;39m [32mDEBUG[0;39m [35m27440[0;39m [2m---[0;39m [2m[nio-9999-exec-8][0;39m [36mc.ssafy.vue.controller.BoardController  [0;39m [2m:[0;39m retrieveBoard - 호출
[2m2020-06-04 00:06:20.496[0;39m [32mDEBUG[0;39m [35m27440[0;39m [2m---[0;39m [2m[nio-9999-exec-2][0;39m [36mc.ssafy.vue.controller.BoardController  [0;39m [2m:[0;39m writeBoard - 호출
[2m2020-06-04 00:06:22.765[0;39m [32mDEBUG[0;39m [35m27440[0;39m [2m---[0;39m [2m[io-9999-exec-10][0;39m [36mc.ssafy.vue.controller.BoardController  [0;39m [2m:[0;39m retrieveBoard - 호출
[2m2020-06-04 00:06:26.273[0;39m [32mDEBUG[0;39m [35m27440[0;39m [2m---[0;39m [2m[nio-9999-exec-1][0;39m [36mc.ssafy.vue.controller.BoardController  [0;39m [2m:[0;39m detailBoard - 호출
[2m2020-06-04 00:06:30.077[0;39m [32mDEBUG[0;39m [35m27440[0;39m [2m---[0;39m [2m[nio-9999-exec-4][0;39m [36mc.ssafy.vue.controller.BoardController  [0;39m [2m:[0;39m retrieveBoard - 호출
[2m2020-06-04 00:06:38.200[0;39m [32mDEBUG[0;39m [35m27440[0;39m [2m---[0;39m [2m[nio-9999-exec-3][0;39m [36mc.ssafy.vue.controller.BoardController  [0;39m [2m:[0;39m writeBoard - 호출
[2m2020-06-04 00:06:39.217[0;39m [32mDEBUG[0;39m [35m27440[0;39m [2m---[0;39m [2m[nio-9999-exec-6][0;39m [36mc.ssafy.vue.controller.BoardController  [0;39m [2m:[0;39m retrieveBoard - 호출
[2m2020-06-04 00:07:01.365[0;39m [32mDEBUG[0;39m [35m27440[0;39m [2m---[0;39m [2m[nio-9999-exec-7][0;39m [36mc.ssafy.vue.controller.BoardController  [0;39m [2m:[0;39m retrieveBoard - 호출
[2m2020-06-04 00:07:01.736[0;39m [32mDEBUG[0;39m [35m27440[0;39m [2m---[0;39m [2m[nio-9999-exec-8][0;39m [36mc.ssafy.vue.controller.BoardController  [0;39m [2m:[0;39m retrieveBoard - 호출
[2m2020-06-04 00:07:04.733[0;39m [32mDEBUG[0;39m [35m27440[0;39m [2m---[0;39m [2m[nio-9999-exec-9][0;39m [36mc.ssafy.vue.controller.BoardController  [0;39m [2m:[0;39m retrieveBoard - 호출
[2m2020-06-04 00:07:10.659[0;39m [32mDEBUG[0;39m [35m27440[0;39m [2m---[0;39m [2m[io-9999-exec-10][0;39m [36mc.ssafy.vue.controller.BoardController  [0;39m [2m:[0;39m writeBoard - 호출
[2m2020-06-04 00:07:19.000[0;39m [32mDEBUG[0;39m [35m27440[0;39m [2m---[0;39m [2m[nio-9999-exec-1][0;39m [36mc.ssafy.vue.controller.BoardController  [0;39m [2m:[0;39m retrieveBoard - 호출
[2m2020-06-04 00:07:23.718[0;39m [32mDEBUG[0;39m [35m27440[0;39m [2m---[0;39m [2m[nio-9999-exec-5][0;39m [36mc.ssafy.vue.controller.BoardController  [0;39m [2m:[0;39m writeBoard - 호출
[2m2020-06-04 00:07:24.778[0;39m [32mDEBUG[0;39m [35m27440[0;39m [2m---[0;39m [2m[nio-9999-exec-3][0;39m [36mc.ssafy.vue.controller.BoardController  [0;39m [2m:[0;39m retrieveBoard - 호출
[2m2020-06-04 00:07:51.664[0;39m [32mDEBUG[0;39m [35m27440[0;39m [2m---[0;39m [2m[nio-9999-exec-6][0;39m [36mc.ssafy.vue.controller.BoardController  [0;39m [2m:[0;39m retrieveBoard - 호출
[2m2020-06-04 00:07:52.485[0;39m [32mDEBUG[0;39m [35m27440[0;39m [2m---[0;39m [2m[nio-9999-exec-7][0;39m [36mc.ssafy.vue.controller.BoardController  [0;39m [2m:[0;39m retrieveBoard - 호출
[2m2020-06-04 00:08:09.582[0;39m [32mDEBUG[0;39m [35m27440[0;39m [2m---[0;39m [2m[nio-9999-exec-8][0;39m [36mc.ssafy.vue.controller.BoardController  [0;39m [2m:[0;39m retrieveBoard - 호출
[2m2020-06-04 00:08:19.828[0;39m [32mDEBUG[0;39m [35m27440[0;39m [2m---[0;39m [2m[nio-9999-exec-2][0;39m [36mc.ssafy.vue.controller.BoardController  [0;39m [2m:[0;39m writeBoard - 호출
[2m2020-06-04 00:08:29.277[0;39m [32mDEBUG[0;39m [35m27440[0;39m [2m---[0;39m [2m[io-9999-exec-10][0;39m [36mc.ssafy.vue.controller.BoardController  [0;39m [2m:[0;39m retrieveBoard - 호출
[2m2020-06-04 00:08:36.585[0;39m [32mDEBUG[0;39m [35m27440[0;39m [2m---[0;39m [2m[nio-9999-exec-1][0;39m [36mc.ssafy.vue.controller.BoardController  [0;39m [2m:[0;39m retrieveBoard - 호출
[2m2020-06-04 00:08:36.707[0;39m [32mDEBUG[0;39m [35m27440[0;39m [2m---[0;39m [2m[nio-9999-exec-4][0;39m [36mc.ssafy.vue.controller.BoardController  [0;39m [2m:[0;39m retrieveBoard - 호출
[2m2020-06-04 00:09:33.631[0;39m [32mDEBUG[0;39m [35m27440[0;39m [2m---[0;39m [2m[nio-9999-exec-5][0;39m [36mc.ssafy.vue.controller.BoardController  [0;39m [2m:[0;39m retrieveBoard - 호출
[2m2020-06-04 00:09:34.409[0;39m [32mDEBUG[0;39m [35m27440[0;39m [2m---[0;39m [2m[nio-9999-exec-3][0;39m [36mc.ssafy.vue.controller.BoardController  [0;39m [2m:[0;39m retrieveBoard - 호출
[2m2020-06-04 00:10:49.125[0;39m [32mDEBUG[0;39m [35m27440[0;39m [2m---[0;39m [2m[nio-9999-exec-7][0;39m [36mc.ssafy.vue.controller.BoardController  [0;39m [2m:[0;39m retrieveBoard - 호출
[2m2020-06-04 00:10:49.337[0;39m [32mDEBUG[0;39m [35m27440[0;39m [2m---[0;39m [2m[nio-9999-exec-8][0;39m [36mc.ssafy.vue.controller.BoardController  [0;39m [2m:[0;39m retrieveBoard - 호출
[2m2020-06-04 00:11:01.988[0;39m [32mDEBUG[0;39m [35m27440[0;39m [2m---[0;39m [2m[nio-9999-exec-9][0;39m [36mc.ssafy.vue.controller.BoardController  [0;39m [2m:[0;39m retrieveBoard - 호출
[2m2020-06-04 00:11:02.669[0;39m [32mDEBUG[0;39m [35m27440[0;39m [2m---[0;39m [2m[nio-9999-exec-2][0;39m [36mc.ssafy.vue.controller.BoardController  [0;39m [2m:[0;39m retrieveBoard - 호출
[2m2020-06-04 00:11:36.886[0;39m [32mDEBUG[0;39m [35m27440[0;39m [2m---[0;39m [2m[io-9999-exec-10][0;39m [36mc.ssafy.vue.controller.BoardController  [0;39m [2m:[0;39m retrieveBoard - 호출
[2m2020-06-04 00:11:37.332[0;39m [32mDEBUG[0;39m [35m27440[0;39m [2m---[0;39m [2m[nio-9999-exec-1][0;39m [36mc.ssafy.vue.controller.BoardController  [0;39m [2m:[0;39m retrieveBoard - 호출
[2m2020-06-04 00:11:52.642[0;39m [32mDEBUG[0;39m [35m27440[0;39m [2m---[0;39m [2m[nio-9999-exec-4][0;39m [36mc.ssafy.vue.controller.BoardController  [0;39m [2m:[0;39m retrieveBoard - 호출
[2m2020-06-04 00:11:53.617[0;39m [32mDEBUG[0;39m [35m27440[0;39m [2m---[0;39m [2m[nio-9999-exec-5][0;39m [36mc.ssafy.vue.controller.BoardController  [0;39m [2m:[0;39m retrieveBoard - 호출
[2m2020-06-04 00:12:12.094[0;39m [32mDEBUG[0;39m [35m27440[0;39m [2m---[0;39m [2m[nio-9999-exec-3][0;39m [36mc.ssafy.vue.controller.BoardController  [0;39m [2m:[0;39m retrieveBoard - 호출
[2m2020-06-04 00:12:16.240[0;39m [32mDEBUG[0;39m [35m27440[0;39m [2m---[0;39m [2m[nio-9999-exec-6][0;39m [36mc.ssafy.vue.controller.BoardController  [0;39m [2m:[0;39m detailBoard - 호출
[2m2020-06-04 00:12:19.486[0;39m [32mDEBUG[0;39m [35m27440[0;39m [2m---[0;39m [2m[nio-9999-exec-8][0;39m [36mc.ssafy.vue.controller.BoardController  [0;39m [2m:[0;39m deleteBoard - 호출
[2m2020-06-04 00:12:28.618[0;39m [32mDEBUG[0;39m [35m27440[0;39m [2m---[0;39m [2m[nio-9999-exec-9][0;39m [36mc.ssafy.vue.controller.BoardController  [0;39m [2m:[0;39m retrieveBoard - 호출
[2m2020-06-04 00:12:41.189[0;39m [32mDEBUG[0;39m [35m27440[0;39m [2m---[0;39m [2m[nio-9999-exec-2][0;39m [36mc.ssafy.vue.controller.BoardController  [0;39m [2m:[0;39m retrieveBoard - 호출
[2m2020-06-04 00:12:41.798[0;39m [32mDEBUG[0;39m [35m27440[0;39m [2m---[0;39m [2m[io-9999-exec-10][0;39m [36mc.ssafy.vue.controller.BoardController  [0;39m [2m:[0;39m retrieveBoard - 호출
[2m2020-06-04 00:12:42.134[0;39m [32mDEBUG[0;39m [35m27440[0;39m [2m---[0;39m [2m[nio-9999-exec-1][0;39m [36mc.ssafy.vue.controller.BoardController  [0;39m [2m:[0;39m retrieveBoard - 호출
[2m2020-06-04 00:12:45.507[0;39m [32mDEBUG[0;39m [35m27440[0;39m [2m---[0;39m [2m[nio-9999-exec-4][0;39m [36mc.ssafy.vue.controller.BoardController  [0;39m [2m:[0;39m retrieveBoard - 호출
[2m2020-06-04 00:12:48.092[0;39m [32mDEBUG[0;39m [35m27440[0;39m [2m---[0;39m [2m[nio-9999-exec-5][0;39m [36mc.ssafy.vue.controller.BoardController  [0;39m [2m:[0;39m detailBoard - 호출
[2m2020-06-04 00:12:49.745[0;39m [32mDEBUG[0;39m [35m27440[0;39m [2m---[0;39m [2m[nio-9999-exec-6][0;39m [36mc.ssafy.vue.controller.BoardController  [0;39m [2m:[0;39m deleteBoard - 호출
[2m2020-06-04 00:14:27.281[0;39m [32mDEBUG[0;39m [35m27440[0;39m [2m---[0;39m [2m[nio-9999-exec-9][0;39m [36mc.ssafy.vue.controller.BoardController  [0;39m [2m:[0;39m deleteBoard - 호출
[2m2020-06-04 00:14:27.699[0;39m [32mDEBUG[0;39m [35m27440[0;39m [2m---[0;39m [2m[nio-9999-exec-2][0;39m [36mc.ssafy.vue.controller.BoardController  [0;39m [2m:[0;39m retrieveBoard - 호출
[2m2020-06-04 00:14:30.377[0;39m [32mDEBUG[0;39m [35m27440[0;39m [2m---[0;39m [2m[io-9999-exec-10][0;39m [36mc.ssafy.vue.controller.BoardController  [0;39m [2m:[0;39m retrieveBoard - 호출
[2m2020-06-04 00:14:31.709[0;39m [32mDEBUG[0;39m [35m27440[0;39m [2m---[0;39m [2m[nio-9999-exec-4][0;39m [36mc.ssafy.vue.controller.BoardController  [0;39m [2m:[0;39m deleteBoard - 호출
[2m2020-06-04 00:14:33.494[0;39m [32mDEBUG[0;39m [35m27440[0;39m [2m---[0;39m [2m[nio-9999-exec-5][0;39m [36mc.ssafy.vue.controller.BoardController  [0;39m [2m:[0;39m retrieveBoard - 호출
[2m2020-06-04 00:14:37.572[0;39m [32mDEBUG[0;39m [35m27440[0;39m [2m---[0;39m [2m[nio-9999-exec-3][0;39m [36mc.ssafy.vue.controller.BoardController  [0;39m [2m:[0;39m detailBoard - 호출
[2m2020-06-04 00:14:40.124[0;39m [32mDEBUG[0;39m [35m27440[0;39m [2m---[0;39m [2m[nio-9999-exec-7][0;39m [36mc.ssafy.vue.controller.BoardController  [0;39m [2m:[0;39m deleteBoard - 호출
[2m2020-06-04 00:14:42.054[0;39m [32mDEBUG[0;39m [35m27440[0;39m [2m---[0;39m [2m[nio-9999-exec-8][0;39m [36mc.ssafy.vue.controller.BoardController  [0;39m [2m:[0;39m retrieveBoard - 호출
[2m2020-06-04 00:15:12.120[0;39m [32mDEBUG[0;39m [35m27440[0;39m [2m---[0;39m [2m[nio-9999-exec-9][0;39m [36mc.ssafy.vue.controller.BoardController  [0;39m [2m:[0;39m retrieveBoard - 호출
[2m2020-06-04 00:15:15.556[0;39m [32mDEBUG[0;39m [35m27440[0;39m [2m---[0;39m [2m[nio-9999-exec-2][0;39m [36mc.ssafy.vue.controller.BoardController  [0;39m [2m:[0;39m retrieveBoard - 호출
[2m2020-06-04 00:15:15.597[0;39m [32mDEBUG[0;39m [35m27440[0;39m [2m---[0;39m [2m[io-9999-exec-10][0;39m [36mc.ssafy.vue.controller.BoardController  [0;39m [2m:[0;39m retrieveBoard - 호출
[2m2020-06-04 00:15:17.499[0;39m [32mDEBUG[0;39m [35m27440[0;39m [2m---[0;39m [2m[nio-9999-exec-1][0;39m [36mc.ssafy.vue.controller.BoardController  [0;39m [2m:[0;39m detailBoard - 호출
[2m2020-06-04 00:15:21.235[0;39m [32mDEBUG[0;39m [35m27440[0;39m [2m---[0;39m [2m[nio-9999-exec-5][0;39m [36mc.ssafy.vue.controller.BoardController  [0;39m [2m:[0;39m deleteBoard - 호출
[2m2020-06-04 00:15:23.953[0;39m [32mDEBUG[0;39m [35m27440[0;39m [2m---[0;39m [2m[nio-9999-exec-3][0;39m [36mc.ssafy.vue.controller.BoardController  [0;39m [2m:[0;39m retrieveBoard - 호출
[2m2020-06-04 00:15:43.868[0;39m [32mDEBUG[0;39m [35m27440[0;39m [2m---[0;39m [2m[nio-9999-exec-6][0;39m [36mc.ssafy.vue.controller.BoardController  [0;39m [2m:[0;39m retrieveBoard - 호출
[2m2020-06-04 00:15:44.965[0;39m [32mDEBUG[0;39m [35m27440[0;39m [2m---[0;39m [2m[nio-9999-exec-7][0;39m [36mc.ssafy.vue.controller.BoardController  [0;39m [2m:[0;39m retrieveBoard - 호출
[2m2020-06-04 00:15:47.258[0;39m [32mDEBUG[0;39m [35m27440[0;39m [2m---[0;39m [2m[nio-9999-exec-8][0;39m [36mc.ssafy.vue.controller.BoardController  [0;39m [2m:[0;39m retrieveBoard - 호출
[2m2020-06-04 00:15:48.907[0;39m [32mDEBUG[0;39m [35m27440[0;39m [2m---[0;39m [2m[nio-9999-exec-9][0;39m [36mc.ssafy.vue.controller.BoardController  [0;39m [2m:[0;39m detailBoard - 호출
[2m2020-06-04 00:15:51.885[0;39m [32mDEBUG[0;39m [35m27440[0;39m [2m---[0;39m [2m[io-9999-exec-10][0;39m [36mc.ssafy.vue.controller.BoardController  [0;39m [2m:[0;39m deleteBoard - 호출
[2m2020-06-04 00:15:54.707[0;39m [32mDEBUG[0;39m [35m27440[0;39m [2m---[0;39m [2m[nio-9999-exec-1][0;39m [36mc.ssafy.vue.controller.BoardController  [0;39m [2m:[0;39m retrieveBoard - 호출
[2m2020-06-04 00:16:00.267[0;39m [32mDEBUG[0;39m [35m27440[0;39m [2m---[0;39m [2m[nio-9999-exec-4][0;39m [36mc.ssafy.vue.controller.BoardController  [0;39m [2m:[0;39m retrieveBoard - 호출
[2m2020-06-04 00:16:00.377[0;39m [32mDEBUG[0;39m [35m27440[0;39m [2m---[0;39m [2m[nio-9999-exec-5][0;39m [36mc.ssafy.vue.controller.BoardController  [0;39m [2m:[0;39m retrieveBoard - 호출
[2m2020-06-04 00:16:06.747[0;39m [32mDEBUG[0;39m [35m27440[0;39m [2m---[0;39m [2m[nio-9999-exec-3][0;39m [36mc.ssafy.vue.controller.BoardController  [0;39m [2m:[0;39m retrieveBoard - 호출
[2m2020-06-04 00:16:08.191[0;39m [32mDEBUG[0;39m [35m27440[0;39m [2m---[0;39m [2m[nio-9999-exec-6][0;39m [36mc.ssafy.vue.controller.BoardController  [0;39m [2m:[0;39m retrieveBoard - 호출
[2m2020-06-04 00:16:29.303[0;39m [32mDEBUG[0;39m [35m27440[0;39m [2m---[0;39m [2m[nio-9999-exec-7][0;39m [36mc.ssafy.vue.controller.BoardController  [0;39m [2m:[0;39m retrieveBoard - 호출
[2m2020-06-04 00:16:30.736[0;39m [32mDEBUG[0;39m [35m27440[0;39m [2m---[0;39m [2m[nio-9999-exec-8][0;39m [36mc.ssafy.vue.controller.BoardController  [0;39m [2m:[0;39m retrieveBoard - 호출
[2m2020-06-04 00:17:09.726[0;39m [32mDEBUG[0;39m [35m27440[0;39m [2m---[0;39m [2m[nio-9999-exec-9][0;39m [36mc.ssafy.vue.controller.BoardController  [0;39m [2m:[0;39m retrieveBoard - 호출
[2m2020-06-04 00:17:10.337[0;39m [32mDEBUG[0;39m [35m27440[0;39m [2m---[0;39m [2m[nio-9999-exec-2][0;39m [36mc.ssafy.vue.controller.BoardController  [0;39m [2m:[0;39m retrieveBoard - 호출
[2m2020-06-04 00:17:20.209[0;39m [32mDEBUG[0;39m [35m27440[0;39m [2m---[0;39m [2m[io-9999-exec-10][0;39m [36mc.ssafy.vue.controller.BoardController  [0;39m [2m:[0;39m retrieveBoard - 호출
[2m2020-06-04 00:17:20.603[0;39m [32mDEBUG[0;39m [35m27440[0;39m [2m---[0;39m [2m[nio-9999-exec-1][0;39m [36mc.ssafy.vue.controller.BoardController  [0;39m [2m:[0;39m retrieveBoard - 호출
[2m2020-06-04 00:18:10.607[0;39m [32mDEBUG[0;39m [35m27440[0;39m [2m---[0;39m [2m[nio-9999-exec-4][0;39m [36mc.ssafy.vue.controller.BoardController  [0;39m [2m:[0;39m retrieveBoard - 호출
[2m2020-06-04 00:18:10.627[0;39m [32mDEBUG[0;39m [35m27440[0;39m [2m---[0;39m [2m[nio-9999-exec-5][0;39m [36mc.ssafy.vue.controller.BoardController  [0;39m [2m:[0;39m retrieveBoard - 호출
[2m2020-06-04 00:21:46.077[0;39m [32mDEBUG[0;39m [35m27440[0;39m [2m---[0;39m [2m[nio-9999-exec-6][0;39m [36mc.ssafy.vue.controller.BoardController  [0;39m [2m:[0;39m retrieveBoard - 호출
[2m2020-06-04 00:21:49.607[0;39m [32mDEBUG[0;39m [35m27440[0;39m [2m---[0;39m [2m[nio-9999-exec-7][0;39m [36mc.ssafy.vue.controller.BoardController  [0;39m [2m:[0;39m retrieveBoard - 호출
[2m2020-06-04 00:22:38.486[0;39m [32mDEBUG[0;39m [35m27440[0;39m [2m---[0;39m [2m[nio-9999-exec-8][0;39m [36mc.ssafy.vue.controller.BoardController  [0;39m [2m:[0;39m retrieveBoard - 호출
[2m2020-06-04 00:22:44.528[0;39m [32mDEBUG[0;39m [35m27440[0;39m [2m---[0;39m [2m[nio-9999-exec-9][0;39m [36mc.ssafy.vue.controller.BoardController  [0;39m [2m:[0;39m retrieveBoard - 호출
[2m2020-06-04 00:22:51.611[0;39m [32mDEBUG[0;39m [35m27440[0;39m [2m---[0;39m [2m[io-9999-exec-10][0;39m [36mc.ssafy.vue.controller.BoardController  [0;39m [2m:[0;39m writeBoard - 호출
[2m2020-06-04 00:22:54.028[0;39m [32mDEBUG[0;39m [35m27440[0;39m [2m---[0;39m [2m[nio-9999-exec-1][0;39m [36mc.ssafy.vue.controller.BoardController  [0;39m [2m:[0;39m retrieveBoard - 호출
[2m2020-06-04 00:23:32.034[0;39m [32mDEBUG[0;39m [35m27440[0;39m [2m---[0;39m [2m[nio-9999-exec-4][0;39m [36mc.ssafy.vue.controller.BoardController  [0;39m [2m:[0;39m retrieveBoard - 호출
[2m2020-06-04 00:23:37.846[0;39m [32mDEBUG[0;39m [35m27440[0;39m [2m---[0;39m [2m[nio-9999-exec-5][0;39m [36mc.ssafy.vue.controller.BoardController  [0;39m [2m:[0;39m retrieveBoard - 호출
[2m2020-06-04 00:23:45.574[0;39m [32mDEBUG[0;39m [35m27440[0;39m [2m---[0;39m [2m[nio-9999-exec-3][0;39m [36mc.ssafy.vue.controller.BoardController  [0;39m [2m:[0;39m retrieveBoard - 호출
[2m2020-06-04 00:24:32.590[0;39m [32mDEBUG[0;39m [35m27440[0;39m [2m---[0;39m [2m[nio-9999-exec-6][0;39m [36mc.ssafy.vue.controller.BoardController  [0;39m [2m:[0;39m retrieveBoard - 호출
[2m2020-06-04 00:24:35.020[0;39m [32mDEBUG[0;39m [35m27440[0;39m [2m---[0;39m [2m[nio-9999-exec-7][0;39m [36mc.ssafy.vue.controller.BoardController  [0;39m [2m:[0;39m retrieveBoard - 호출
[2m2020-06-04 00:24:42.329[0;39m [32mDEBUG[0;39m [35m27440[0;39m [2m---[0;39m [2m[nio-9999-exec-8][0;39m [36mc.ssafy.vue.controller.BoardController  [0;39m [2m:[0;39m retrieveBoard - 호출
[2m2020-06-04 00:24:53.251[0;39m [32mDEBUG[0;39m [35m27440[0;39m [2m---[0;39m [2m[nio-9999-exec-9][0;39m [36mc.ssafy.vue.controller.BoardController  [0;39m [2m:[0;39m retrieveBoard - 호출
[2m2020-06-04 00:25:13.918[0;39m [32mDEBUG[0;39m [35m27440[0;39m [2m---[0;39m [2m[nio-9999-exec-2][0;39m [36mc.ssafy.vue.controller.BoardController  [0;39m [2m:[0;39m retrieveBoard - 호출
[2m2020-06-04 00:25:36.193[0;39m [32mDEBUG[0;39m [35m27440[0;39m [2m---[0;39m [2m[io-9999-exec-10][0;39m [36mc.ssafy.vue.controller.BoardController  [0;39m [2m:[0;39m retrieveBoard - 호출
[2m2020-06-04 00:25:40.515[0;39m [32mDEBUG[0;39m [35m27440[0;39m [2m---[0;39m [2m[nio-9999-exec-1][0;39m [36mc.ssafy.vue.controller.BoardController  [0;39m [2m:[0;39m retrieveBoard - 호출
[2m2020-06-04 00:25:42.107[0;39m [32mDEBUG[0;39m [35m27440[0;39m [2m---[0;39m [2m[nio-9999-exec-4][0;39m [36mc.ssafy.vue.controller.BoardController  [0;39m [2m:[0;39m detailBoard - 호출
[2m2020-06-04 00:26:04.109[0;39m [32mDEBUG[0;39m [35m27440[0;39m [2m---[0;39m [2m[nio-9999-exec-5][0;39m [36mc.ssafy.vue.controller.BoardController  [0;39m [2m:[0;39m detailBoard - 호출
[2m2020-06-04 00:26:07.821[0;39m [32mDEBUG[0;39m [35m27440[0;39m [2m---[0;39m [2m[nio-9999-exec-3][0;39m [36mc.ssafy.vue.controller.BoardController  [0;39m [2m:[0;39m retrieveBoard - 호출
[2m2020-06-04 00:26:09.150[0;39m [32mDEBUG[0;39m [35m27440[0;39m [2m---[0;39m [2m[nio-9999-exec-6][0;39m [36mc.ssafy.vue.controller.BoardController  [0;39m [2m:[0;39m detailBoard - 호출
[2m2020-06-04 00:26:11.349[0;39m [32mDEBUG[0;39m [35m27440[0;39m [2m---[0;39m [2m[nio-9999-exec-7][0;39m [36mc.ssafy.vue.controller.BoardController  [0;39m [2m:[0;39m retrieveBoard - 호출
[2m2020-06-04 00:26:13.122[0;39m [32mDEBUG[0;39m [35m27440[0;39m [2m---[0;39m [2m[nio-9999-exec-8][0;39m [36mc.ssafy.vue.controller.BoardController  [0;39m [2m:[0;39m detailBoard - 호출
[2m2020-06-04 00:26:15.320[0;39m [32mDEBUG[0;39m [35m27440[0;39m [2m---[0;39m [2m[nio-9999-exec-2][0;39m [36mc.ssafy.vue.controller.BoardController  [0;39m [2m:[0;39m deleteBoard - 호출
[2m2020-06-04 00:26:16.735[0;39m [32mDEBUG[0;39m [35m27440[0;39m [2m---[0;39m [2m[io-9999-exec-10][0;39m [36mc.ssafy.vue.controller.BoardController  [0;39m [2m:[0;39m retrieveBoard - 호출
[2m2020-06-04 00:27:03.530[0;39m [32mDEBUG[0;39m [35m27440[0;39m [2m---[0;39m [2m[nio-9999-exec-1][0;39m [36mc.ssafy.vue.controller.BoardController  [0;39m [2m:[0;39m retrieveBoard - 호출
[2m2020-06-04 00:27:20.176[0;39m [32mDEBUG[0;39m [35m27440[0;39m [2m---[0;39m [2m[nio-9999-exec-4][0;39m [36mc.ssafy.vue.controller.BoardController  [0;39m [2m:[0;39m retrieveBoard - 호출
[2m2020-06-04 00:27:24.061[0;39m [32mDEBUG[0;39m [35m27440[0;39m [2m---[0;39m [2m[nio-9999-exec-5][0;39m [36mc.ssafy.vue.controller.BoardController  [0;39m [2m:[0;39m retrieveBoard - 호출
[2m2020-06-04 00:29:06.719[0;39m [32mDEBUG[0;39m [35m27440[0;39m [2m---[0;39m [2m[nio-9999-exec-6][0;39m [36mc.ssafy.vue.controller.BoardController  [0;39m [2m:[0;39m retrieveBoard - 호출
[2m2020-06-04 00:29:37.068[0;39m [32mDEBUG[0;39m [35m27440[0;39m [2m---[0;39m [2m[nio-9999-exec-7][0;39m [36mc.ssafy.vue.controller.BoardController  [0;39m [2m:[0;39m retrieveBoard - 호출
[2m2020-06-04 00:29:53.603[0;39m [32mDEBUG[0;39m [35m27440[0;39m [2m---[0;39m [2m[nio-9999-exec-8][0;39m [36mc.ssafy.vue.controller.BoardController  [0;39m [2m:[0;39m retrieveBoard - 호출
[2m2020-06-04 00:30:36.703[0;39m [32mDEBUG[0;39m [35m27440[0;39m [2m---[0;39m [2m[nio-9999-exec-9][0;39m [36mc.ssafy.vue.controller.BoardController  [0;39m [2m:[0;39m retrieveBoard - 호출
[2m2020-06-04 00:31:14.799[0;39m [32mDEBUG[0;39m [35m27440[0;39m [2m---[0;39m [2m[nio-9999-exec-2][0;39m [36mc.ssafy.vue.controller.BoardController  [0;39m [2m:[0;39m retrieveBoard - 호출
[2m2020-06-04 00:31:25.295[0;39m [32mDEBUG[0;39m [35m27440[0;39m [2m---[0;39m [2m[io-9999-exec-10][0;39m [36mc.ssafy.vue.controller.BoardController  [0;39m [2m:[0;39m retrieveBoard - 호출
[2m2020-06-04 00:31:27.560[0;39m [32mDEBUG[0;39m [35m27440[0;39m [2m---[0;39m [2m[nio-9999-exec-1][0;39m [36mc.ssafy.vue.controller.BoardController  [0;39m [2m:[0;39m retrieveBoard - 호출
[2m2020-06-04 00:31:40.715[0;39m [32mDEBUG[0;39m [35m27440[0;39m [2m---[0;39m [2m[nio-9999-exec-4][0;39m [36mc.ssafy.vue.controller.BoardController  [0;39m [2m:[0;39m retrieveBoard - 호출
[2m2020-06-04 00:32:36.793[0;39m [32mDEBUG[0;39m [35m27440[0;39m [2m---[0;39m [2m[nio-9999-exec-5][0;39m [36mc.ssafy.vue.controller.BoardController  [0;39m [2m:[0;39m retrieveBoard - 호출
[2m2020-06-04 00:32:47.068[0;39m [32mDEBUG[0;39m [35m27440[0;39m [2m---[0;39m [2m[nio-9999-exec-3][0;39m [36mc.ssafy.vue.controller.BoardController  [0;39m [2m:[0;39m retrieveBoard - 호출
[2m2020-06-04 00:33:08.124[0;39m [32mDEBUG[0;39m [35m27440[0;39m [2m---[0;39m [2m[nio-9999-exec-6][0;39m [36mc.ssafy.vue.controller.BoardController  [0;39m [2m:[0;39m retrieveBoard - 호출
[2m2020-06-04 00:33:12.613[0;39m [32mDEBUG[0;39m [35m27440[0;39m [2m---[0;39m [2m[nio-9999-exec-7][0;39m [36mc.ssafy.vue.controller.BoardController  [0;39m [2m:[0;39m retrieveBoard - 호출
[2m2020-06-04 00:33:29.440[0;39m [32mDEBUG[0;39m [35m27440[0;39m [2m---[0;39m [2m[nio-9999-exec-8][0;39m [36mc.ssafy.vue.controller.BoardController  [0;39m [2m:[0;39m retrieveBoard - 호출
[2m2020-06-04 00:33:31.103[0;39m [32mDEBUG[0;39m [35m27440[0;39m [2m---[0;39m [2m[nio-9999-exec-9][0;39m [36mc.ssafy.vue.controller.BoardController  [0;39m [2m:[0;39m retrieveBoard - 호출
[2m2020-06-04 00:34:02.396[0;39m [32mDEBUG[0;39m [35m27440[0;39m [2m---[0;39m [2m[nio-9999-exec-2][0;39m [36mc.ssafy.vue.controller.BoardController  [0;39m [2m:[0;39m retrieveBoard - 호출
[2m2020-06-04 00:34:13.492[0;39m [32mDEBUG[0;39m [35m27440[0;39m [2m---[0;39m [2m[io-9999-exec-10][0;39m [36mc.ssafy.vue.controller.BoardController  [0;39m [2m:[0;39m retrieveBoard - 호출
[2m2020-06-04 00:34:15.766[0;39m [32mDEBUG[0;39m [35m27440[0;39m [2m---[0;39m [2m[nio-9999-exec-1][0;39m [36mc.ssafy.vue.controller.BoardController  [0;39m [2m:[0;39m detailBoard - 호출
[2m2020-06-04 00:34:17.031[0;39m [32mDEBUG[0;39m [35m27440[0;39m [2m---[0;39m [2m[nio-9999-exec-4][0;39m [36mc.ssafy.vue.controller.BoardController  [0;39m [2m:[0;39m detailBoard - 호출
[2m2020-06-04 00:34:26.752[0;39m [32mDEBUG[0;39m [35m27440[0;39m [2m---[0;39m [2m[nio-9999-exec-5][0;39m [36mc.ssafy.vue.controller.BoardController  [0;39m [2m:[0;39m updateBoard - 호출
[2m2020-06-04 00:34:26.752[0;39m [32mDEBUG[0;39m [35m27440[0;39m [2m---[0;39m [2m[nio-9999-exec-5][0;39m [36mc.ssafy.vue.controller.BoardController  [0;39m [2m:[0;39m Board [no=8, title=12321323, content=21321323213123213, writer=12123213, regtime=Wed Jun 03 23:24:00 KST 2020]
[2m2020-06-04 00:34:27.886[0;39m [32mDEBUG[0;39m [35m27440[0;39m [2m---[0;39m [2m[nio-9999-exec-3][0;39m [36mc.ssafy.vue.controller.BoardController  [0;39m [2m:[0;39m retrieveBoard - 호출
[2m2020-06-04 00:34:29.467[0;39m [32mDEBUG[0;39m [35m27440[0;39m [2m---[0;39m [2m[nio-9999-exec-6][0;39m [36mc.ssafy.vue.controller.BoardController  [0;39m [2m:[0;39m detailBoard - 호출
[2m2020-06-04 00:34:32.957[0;39m [32mDEBUG[0;39m [35m27440[0;39m [2m---[0;39m [2m[nio-9999-exec-8][0;39m [36mc.ssafy.vue.controller.BoardController  [0;39m [2m:[0;39m deleteBoard - 호출
[2m2020-06-04 00:34:34.239[0;39m [32mDEBUG[0;39m [35m27440[0;39m [2m---[0;39m [2m[nio-9999-exec-9][0;39m [36mc.ssafy.vue.controller.BoardController  [0;39m [2m:[0;39m retrieveBoard - 호출
[2m2020-06-04 00:34:38.927[0;39m [32mDEBUG[0;39m [35m27440[0;39m [2m---[0;39m [2m[nio-9999-exec-2][0;39m [36mc.ssafy.vue.controller.BoardController  [0;39m [2m:[0;39m retrieveBoard - 호출
[2m2020-06-04 01:10:05.777[0;39m [32mDEBUG[0;39m [35m27440[0;39m [2m---[0;39m [2m[nio-9999-exec-1][0;39m [36mc.ssafy.vue.controller.BoardController  [0;39m [2m:[0;39m retrieveBoard - 호출
[2m2020-06-04 01:10:24.923[0;39m [32mDEBUG[0;39m [35m27440[0;39m [2m---[0;39m [2m[nio-9999-exec-4][0;39m [36mc.ssafy.vue.controller.BoardController  [0;39m [2m:[0;39m retrieveBoard - 호출
[2m2020-06-04 01:11:48.051[0;39m [32mDEBUG[0;39m [35m27440[0;39m [2m---[0;39m [2m[nio-9999-exec-3][0;39m [36mc.ssafy.vue.controller.BoardController  [0;39m [2m:[0;39m retrieveBoard - 호출
[2m2020-06-04 01:12:43.532[0;39m [32mDEBUG[0;39m [35m27440[0;39m [2m---[0;39m [2m[nio-9999-exec-6][0;39m [36mc.ssafy.vue.controller.BoardController  [0;39m [2m:[0;39m retrieveBoard - 호출
[2m2020-06-04 01:13:04.720[0;39m [32mDEBUG[0;39m [35m27440[0;39m [2m---[0;39m [2m[nio-9999-exec-7][0;39m [36mc.ssafy.vue.controller.BoardController  [0;39m [2m:[0;39m retrieveBoard - 호출
[2m2020-06-04 01:13:08.371[0;39m [32mDEBUG[0;39m [35m27440[0;39m [2m---[0;39m [2m[nio-9999-exec-8][0;39m [36mc.ssafy.vue.controller.BoardController  [0;39m [2m:[0;39m retrieveBoard - 호출
[2m2020-06-04 01:13:10.372[0;39m [32mDEBUG[0;39m [35m27440[0;39m [2m---[0;39m [2m[nio-9999-exec-9][0;39m [36mc.ssafy.vue.controller.BoardController  [0;39m [2m:[0;39m retrieveBoard - 호출
[2m2020-06-04 01:13:12.207[0;39m [32mDEBUG[0;39m [35m27440[0;39m [2m---[0;39m [2m[nio-9999-exec-2][0;39m [36mc.ssafy.vue.controller.BoardController  [0;39m [2m:[0;39m retrieveBoard - 호출
[2m2020-06-04 01:17:22.086[0;39m [32mDEBUG[0;39m [35m27440[0;39m [2m---[0;39m [2m[nio-9999-exec-1][0;39m [36mc.ssafy.vue.controller.BoardController  [0;39m [2m:[0;39m retrieveBoard - 호출
[2m2020-06-04 01:17:32.348[0;39m [32mDEBUG[0;39m [35m27440[0;39m [2m---[0;39m [2m[nio-9999-exec-4][0;39m [36mc.ssafy.vue.controller.BoardController  [0;39m [2m:[0;39m retrieveBoard - 호출
[2m2020-06-04 01:17:38.592[0;39m [32mDEBUG[0;39m [35m27440[0;39m [2m---[0;39m [2m[nio-9999-exec-5][0;39m [36mc.ssafy.vue.controller.BoardController  [0;39m [2m:[0;39m retrieveBoard - 호출
[2m2020-06-04 01:20:28.428[0;39m [32mDEBUG[0;39m [35m27440[0;39m [2m---[0;39m [2m[nio-9999-exec-6][0;39m [36mc.ssafy.vue.controller.BoardController  [0;39m [2m:[0;39m retrieveBoard - 호출
[2m2020-06-04 01:20:35.377[0;39m [32mDEBUG[0;39m [35m27440[0;39m [2m---[0;39m [2m[nio-9999-exec-8][0;39m [36mc.ssafy.vue.controller.BoardController  [0;39m [2m:[0;39m writeBoard - 호출
[2m2020-06-04 01:21:03.271[0;39m [32mDEBUG[0;39m [35m27440[0;39m [2m---[0;39m [2m[nio-9999-exec-9][0;39m [36mc.ssafy.vue.controller.BoardController  [0;39m [2m:[0;39m retrieveBoard - 호출
[2m2020-06-04 01:21:10.226[0;39m [32mDEBUG[0;39m [35m27440[0;39m [2m---[0;39m [2m[io-9999-exec-10][0;39m [36mc.ssafy.vue.controller.BoardController  [0;39m [2m:[0;39m writeBoard - 호출
[2m2020-06-04 01:21:10.953[0;39m [32mDEBUG[0;39m [35m27440[0;39m [2m---[0;39m [2m[nio-9999-exec-1][0;39m [36mc.ssafy.vue.controller.BoardController  [0;39m [2m:[0;39m retrieveBoard - 호출
[2m2020-06-04 01:21:17.986[0;39m [32mDEBUG[0;39m [35m27440[0;39m [2m---[0;39m [2m[nio-9999-exec-4][0;39m [36mc.ssafy.vue.controller.BoardController  [0;39m [2m:[0;39m retrieveBoard - 호출
[2m2020-06-04 01:23:05.356[0;39m [32mDEBUG[0;39m [35m27440[0;39m [2m---[0;39m [2m[nio-9999-exec-3][0;39m [36mc.ssafy.vue.controller.BoardController  [0;39m [2m:[0;39m retrieveBoard - 호출
[2m2020-06-04 01:23:06.916[0;39m [32mDEBUG[0;39m [35m27440[0;39m [2m---[0;39m [2m[nio-9999-exec-6][0;39m [36mc.ssafy.vue.controller.BoardController  [0;39m [2m:[0;39m detailBoard - 호출
[2m2020-06-04 01:24:25.390[0;39m [32mDEBUG[0;39m [35m27440[0;39m [2m---[0;39m [2m[nio-9999-exec-8][0;39m [36mc.ssafy.vue.controller.BoardController  [0;39m [2m:[0;39m retrieveBoard - 호출
[2m2020-06-04 01:24:26.894[0;39m [32mDEBUG[0;39m [35m27440[0;39m [2m---[0;39m [2m[nio-9999-exec-9][0;39m [36mc.ssafy.vue.controller.BoardController  [0;39m [2m:[0;39m detailBoard - 호출
[2m2020-06-04 01:26:28.735[0;39m [32mDEBUG[0;39m [35m27440[0;39m [2m---[0;39m [2m[io-9999-exec-10][0;39m [36mc.ssafy.vue.controller.BoardController  [0;39m [2m:[0;39m retrieveBoard - 호출
[2m2020-06-04 01:26:36.001[0;39m [32mDEBUG[0;39m [35m27440[0;39m [2m---[0;39m [2m[nio-9999-exec-1][0;39m [36mc.ssafy.vue.controller.BoardController  [0;39m [2m:[0;39m detailBoard - 호출
[2m2020-06-04 01:28:29.554[0;39m [32mDEBUG[0;39m [35m27440[0;39m [2m---[0;39m [2m[nio-9999-exec-5][0;39m [36mc.ssafy.vue.controller.BoardController  [0;39m [2m:[0;39m retrieveBoard - 호출
[2m2020-06-04 01:28:32.855[0;39m [32mDEBUG[0;39m [35m27440[0;39m [2m---[0;39m [2m[nio-9999-exec-3][0;39m [36mc.ssafy.vue.controller.BoardController  [0;39m [2m:[0;39m detailBoard - 호출
[2m2020-06-04 01:28:34.127[0;39m [32mDEBUG[0;39m [35m27440[0;39m [2m---[0;39m [2m[nio-9999-exec-7][0;39m [36mc.ssafy.vue.controller.BoardController  [0;39m [2m:[0;39m deleteBoard - 호출
[2m2020-06-04 01:28:35.669[0;39m [32mDEBUG[0;39m [35m27440[0;39m [2m---[0;39m [2m[nio-9999-exec-8][0;39m [36mc.ssafy.vue.controller.BoardController  [0;39m [2m:[0;39m retrieveBoard - 호출
[2m2020-06-04 01:28:39.373[0;39m [32mDEBUG[0;39m [35m27440[0;39m [2m---[0;39m [2m[nio-9999-exec-9][0;39m [36mc.ssafy.vue.controller.BoardController  [0;39m [2m:[0;39m retrieveBoard - 호출
[2m2020-06-04 01:28:47.683[0;39m [32mDEBUG[0;39m [35m27440[0;39m [2m---[0;39m [2m[io-9999-exec-10][0;39m [36mc.ssafy.vue.controller.BoardController  [0;39m [2m:[0;39m writeBoard - 호출
[2m2020-06-04 01:28:48.926[0;39m [32mDEBUG[0;39m [35m27440[0;39m [2m---[0;39m [2m[nio-9999-exec-1][0;39m [36mc.ssafy.vue.controller.BoardController  [0;39m [2m:[0;39m retrieveBoard - 호출
[2m2020-06-04 01:28:51.988[0;39m [32mDEBUG[0;39m [35m27440[0;39m [2m---[0;39m [2m[nio-9999-exec-4][0;39m [36mc.ssafy.vue.controller.BoardController  [0;39m [2m:[0;39m retrieveBoard - 호출
[2m2020-06-04 01:35:00.070[0;39m [32mDEBUG[0;39m [35m27440[0;39m [2m---[0;39m [2m[nio-9999-exec-3][0;39m [36mc.ssafy.vue.controller.BoardController  [0;39m [2m:[0;39m retrieveBoard - 호출
[2m2020-06-04 01:35:01.398[0;39m [32mDEBUG[0;39m [35m27440[0;39m [2m---[0;39m [2m[nio-9999-exec-6][0;39m [36mc.ssafy.vue.controller.BoardController  [0;39m [2m:[0;39m detailBoard - 호출
[2m2020-06-04 01:35:02.865[0;39m [32mDEBUG[0;39m [35m27440[0;39m [2m---[0;39m [2m[nio-9999-exec-7][0;39m [36mc.ssafy.vue.controller.BoardController  [0;39m [2m:[0;39m detailBoard - 호출
[2m2020-06-04 01:35:06.935[0;39m [32mDEBUG[0;39m [35m27440[0;39m [2m---[0;39m [2m[nio-9999-exec-9][0;39m [36mc.ssafy.vue.controller.BoardController  [0;39m [2m:[0;39m updateBoard - 호출
[2m2020-06-04 01:35:06.936[0;39m [32mDEBUG[0;39m [35m27440[0;39m [2m---[0;39m [2m[nio-9999-exec-9][0;39m [36mc.ssafy.vue.controller.BoardController  [0;39m [2m:[0;39m Board [no=17, title=asdf123, content=asdf213, writer=adf123, regtime=Thu Jun 04 01:28:47 KST 2020]
[2m2020-06-04 01:35:07.771[0;39m [32mDEBUG[0;39m [35m27440[0;39m [2m---[0;39m [2m[nio-9999-exec-2][0;39m [36mc.ssafy.vue.controller.BoardController  [0;39m [2m:[0;39m retrieveBoard - 호출
[2m2020-06-04 01:35:10.092[0;39m [32mDEBUG[0;39m [35m27440[0;39m [2m---[0;39m [2m[io-9999-exec-10][0;39m [36mc.ssafy.vue.controller.BoardController  [0;39m [2m:[0;39m detailBoard - 호출
[2m2020-06-04 01:35:11.604[0;39m [32mDEBUG[0;39m [35m27440[0;39m [2m---[0;39m [2m[nio-9999-exec-4][0;39m [36mc.ssafy.vue.controller.BoardController  [0;39m [2m:[0;39m deleteBoard - 호출
[2m2020-06-04 01:35:12.984[0;39m [32mDEBUG[0;39m [35m27440[0;39m [2m---[0;39m [2m[nio-9999-exec-5][0;39m [36mc.ssafy.vue.controller.BoardController  [0;39m [2m:[0;39m retrieveBoard - 호출
[2m2020-06-04 01:35:17.981[0;39m [32mDEBUG[0;39m [35m27440[0;39m [2m---[0;39m [2m[nio-9999-exec-3][0;39m [36mc.ssafy.vue.controller.BoardController  [0;39m [2m:[0;39m retrieveBoard - 호출
[2m2020-06-04 01:36:59.765[0;39m [32mDEBUG[0;39m [35m27440[0;39m [2m---[0;39m [2m[nio-9999-exec-7][0;39m [36mc.ssafy.vue.controller.BoardController  [0;39m [2m:[0;39m retrieveBoard - 호출
[2m2020-06-04 01:37:07.069[0;39m [32mDEBUG[0;39m [35m27440[0;39m [2m---[0;39m [2m[nio-9999-exec-8][0;39m [36mc.ssafy.vue.controller.BoardController  [0;39m [2m:[0;39m writeBoard - 호출
[2m2020-06-04 01:37:07.855[0;39m [32mDEBUG[0;39m [35m27440[0;39m [2m---[0;39m [2m[nio-9999-exec-9][0;39m [36mc.ssafy.vue.controller.BoardController  [0;39m [2m:[0;39m retrieveBoard - 호출
[2m2020-06-04 01:37:10.156[0;39m [32mDEBUG[0;39m [35m27440[0;39m [2m---[0;39m [2m[nio-9999-exec-2][0;39m [36mc.ssafy.vue.controller.BoardController  [0;39m [2m:[0;39m detailBoard - 호출
[2m2020-06-04 01:37:11.448[0;39m [32mDEBUG[0;39m [35m27440[0;39m [2m---[0;39m [2m[io-9999-exec-10][0;39m [36mc.ssafy.vue.controller.BoardController  [0;39m [2m:[0;39m detailBoard - 호출
[2m2020-06-04 01:37:18.972[0;39m [32mDEBUG[0;39m [35m27440[0;39m [2m---[0;39m [2m[nio-9999-exec-4][0;39m [36mc.ssafy.vue.controller.BoardController  [0;39m [2m:[0;39m updateBoard - 호출
[2m2020-06-04 01:37:18.972[0;39m [32mDEBUG[0;39m [35m27440[0;39m [2m---[0;39m [2m[nio-9999-exec-4][0;39m [36mc.ssafy.vue.controller.BoardController  [0;39m [2m:[0;39m Board [no=18, title=bbb, content=ccc, writer=asdf, regtime=Thu Jun 04 01:37:07 KST 2020]
[2m2020-06-04 01:37:20.031[0;39m [32mDEBUG[0;39m [35m27440[0;39m [2m---[0;39m [2m[nio-9999-exec-5][0;39m [36mc.ssafy.vue.controller.BoardController  [0;39m [2m:[0;39m retrieveBoard - 호출
[2m2020-06-04 01:37:21.964[0;39m [32mDEBUG[0;39m [35m27440[0;39m [2m---[0;39m [2m[nio-9999-exec-3][0;39m [36mc.ssafy.vue.controller.BoardController  [0;39m [2m:[0;39m detailBoard - 호출
[2m2020-06-04 01:37:25.469[0;39m [32mDEBUG[0;39m [35m27440[0;39m [2m---[0;39m [2m[nio-9999-exec-6][0;39m [36mc.ssafy.vue.controller.BoardController  [0;39m [2m:[0;39m detailBoard - 호출
[2m2020-06-04 01:37:28.296[0;39m [32mDEBUG[0;39m [35m27440[0;39m [2m---[0;39m [2m[nio-9999-exec-7][0;39m [36mc.ssafy.vue.controller.BoardController  [0;39m [2m:[0;39m updateBoard - 호출
[2m2020-06-04 01:37:28.296[0;39m [32mDEBUG[0;39m [35m27440[0;39m [2m---[0;39m [2m[nio-9999-exec-7][0;39m [36mc.ssafy.vue.controller.BoardController  [0;39m [2m:[0;39m Board [no=18, title=34324, content=ccc, writer=asdf, regtime=Thu Jun 04 01:37:07 KST 2020]
[2m2020-06-04 01:37:28.887[0;39m [32mDEBUG[0;39m [35m27440[0;39m [2m---[0;39m [2m[nio-9999-exec-8][0;39m [36mc.ssafy.vue.controller.BoardController  [0;39m [2m:[0;39m retrieveBoard - 호출
[2m2020-06-04 01:38:14.683[0;39m [32mDEBUG[0;39m [35m27440[0;39m [2m---[0;39m [2m[nio-9999-exec-9][0;39m [36mc.ssafy.vue.controller.BoardController  [0;39m [2m:[0;39m retrieveBoard - 호출
[2m2020-06-04 01:38:16.330[0;39m [32mDEBUG[0;39m [35m27440[0;39m [2m---[0;39m [2m[nio-9999-exec-2][0;39m [36mc.ssafy.vue.controller.BoardController  [0;39m [2m:[0;39m detailBoard - 호출
[2m2020-06-04 01:38:17.887[0;39m [32mDEBUG[0;39m [35m27440[0;39m [2m---[0;39m [2m[nio-9999-exec-1][0;39m [36mc.ssafy.vue.controller.BoardController  [0;39m [2m:[0;39m deleteBoard - 호출
[2m2020-06-04 01:38:19.428[0;39m [32mDEBUG[0;39m [35m27440[0;39m [2m---[0;39m [2m[nio-9999-exec-4][0;39m [36mc.ssafy.vue.controller.BoardController  [0;39m [2m:[0;39m retrieveBoard - 호출
[2m2020-06-04 01:38:20.730[0;39m [32mDEBUG[0;39m [35m27440[0;39m [2m---[0;39m [2m[nio-9999-exec-5][0;39m [36mc.ssafy.vue.controller.BoardController  [0;39m [2m:[0;39m detailBoard - 호출
[2m2020-06-04 01:38:21.845[0;39m [32mDEBUG[0;39m [35m27440[0;39m [2m---[0;39m [2m[nio-9999-exec-3][0;39m [36mc.ssafy.vue.controller.BoardController  [0;39m [2m:[0;39m detailBoard - 호출
[2m2020-06-04 01:38:25.641[0;39m [32mDEBUG[0;39m [35m27440[0;39m [2m---[0;39m [2m[nio-9999-exec-7][0;39m [36mc.ssafy.vue.controller.BoardController  [0;39m [2m:[0;39m updateBoard - 호출
[2m2020-06-04 01:38:25.641[0;39m [32mDEBUG[0;39m [35m27440[0;39m [2m---[0;39m [2m[nio-9999-exec-7][0;39m [36mc.ssafy.vue.controller.BoardController  [0;39m [2m:[0;39m Board [no=15, title=asdf143243, content=asfd3434, writer=asdf223, regtime=Thu Jun 04 01:20:35 KST 2020]
[2m2020-06-04 01:38:26.706[0;39m [32mDEBUG[0;39m [35m27440[0;39m [2m---[0;39m [2m[nio-9999-exec-8][0;39m [36mc.ssafy.vue.controller.BoardController  [0;39m [2m:[0;39m retrieveBoard - 호출
[2m2020-06-04 01:38:28.109[0;39m [32mDEBUG[0;39m [35m27440[0;39m [2m---[0;39m [2m[nio-9999-exec-9][0;39m [36mc.ssafy.vue.controller.BoardController  [0;39m [2m:[0;39m detailBoard - 호출
[2m2020-06-04 01:38:29.597[0;39m [32mDEBUG[0;39m [35m27440[0;39m [2m---[0;39m [2m[io-9999-exec-10][0;39m [36mc.ssafy.vue.controller.BoardController  [0;39m [2m:[0;39m deleteBoard - 호출
[2m2020-06-04 01:38:31.196[0;39m [32mDEBUG[0;39m [35m27440[0;39m [2m---[0;39m [2m[nio-9999-exec-1][0;39m [36mc.ssafy.vue.controller.BoardController  [0;39m [2m:[0;39m retrieveBoard - 호출
[2m2020-06-04 01:44:27.753[0;39m [32m INFO[0;39m [35m27440[0;39m [2m---[0;39m [2m[on(2)-127.0.0.1][0;39m [36minMXBeanRegistrar$SpringApplicationAdmin[0;39m [2m:[0;39m Application shutdown requested.
[2m2020-06-04 01:44:27.766[0;39m [32m INFO[0;39m [35m27440[0;39m [2m---[0;39m [2m[on(2)-127.0.0.1][0;39m [36mo.s.s.concurrent.ThreadPoolTaskExecutor [0;39m [2m:[0;39m Shutting down ExecutorService 'applicationTaskExecutor'
